<?xml version="1.0" encoding="UTF-8"?>
<testsuite name="com.quantcast.cookiefinder.processor.FindUtilTest" tests="1" skipped="0" failures="0" errors="0" timestamp="2022-01-18T17:02:43" hostname="mohammad-ThinkPad-X390" time="0.028">
  <properties/>
  <testcase name="assure get multiple results, when there are more than one max()" classname="com.quantcast.cookiefinder.processor.FindUtilTest" time="0.028"/>
  <system-out><![CDATA[]]></system-out>
  <system-err><![CDATA[]]></system-err>
</testsuite>
